Friday, 07-07-2006 : utf8_2_iso885_9_hr : prazan string.
Friday, 07-07-2006 : utf8_2_iso885_9_hr : prazan string.
Friday, 07-07-2006 : utf8_2_iso885_9_hr : prazan string.
Friday, 07-07-2006 : utf8_2_iso885_9_hr : prazan string.
Friday, 07-07-2006 : utf8_2_iso885_9_hr : prazan string.
Friday, 07-07-2006 : utf8_2_iso885_9_hr : prazan string.
Friday, 07-07-2006 : utf8_2_iso885_9_hr : prazan string.
Friday, 07-07-2006 : utf8_2_iso885_9_hr : prazan string.
Friday, 07-07-2006 : utf8_2_iso885_9_hr : prazan string.
Friday, 07-07-2006 : utf8_2_iso885_9_hr : prazan string.
Friday, 07-07-2006 : utf8_2_iso885_9_hr : prazan string.
Friday, 07-07-2006 : utf8_2_iso885_9_hr : prazan string.
Friday, 07-07-2006 : utf8_2_iso885_9_hr : prazan string.
Friday, 07-07-2006 : utf8_2_iso885_9_hr : prazan string.
Friday, 07-07-2006 : utf8_2_iso885_9_hr : prazan string.
Friday, 07-07-2006 : utf8_2_iso885_9_hr : prazan string.
Friday, 07-07-2006 : utf8_2_iso885_9_hr : prazan string.
Friday, 07-07-2006 : utf8_2_iso885_9_hr : prazan string.
Friday, 07-07-2006 : utf8_2_iso885_9_hr : prazan string.
Friday, 07-07-2006 : utf8_2_iso885_9_hr : prazan string.
Friday, 07-07-2006 : utf8_2_iso885_9_hr : prazan string.
Friday, 07-07-2006 : utf8_2_iso885_9_hr : prazan string.
Friday, 07-07-2006 : utf8_2_iso885_9_hr : prazan string.
Friday, 07-07-2006 : utf8_2_iso885_9_hr : prazan string.
Friday, 07-07-2006 : utf8_2_iso885_9_hr : prazan string.
Saturday, 08-07-2006 : db_upit : Upit nije proslijeđen. [SELECT tvrtka FROM klijenti WHERE id = ]You have an error in your SQL syntax.  Check the manual that corresponds to your MySQL server version for the right syntax to use near '' at line 1
Saturday, 08-07-2006 : db_upit : Upit nije proslijeđen. [SELECT klijent_id, projekt_naziv FROM radni_nalog WHERE id = 4]
Saturday, 08-07-2006 : db_upit : Upit nije proslijeđen. [SELECT tvrtka FROM klijenti WHERE id = ]
Saturday, 08-07-2006 : db_upit : Upit nije proslijeđen. [SELECT klijent_id, projekt_naziv FROM radni_nalog WHERE id = 8]
Saturday, 08-07-2006 : db_upit : Upit nije proslijeđen. [SELECT tvrtka FROM klijenti WHERE id = ]
Saturday, 08-07-2006 : db_upit : Upit nije proslijeđen. [SELECT klijent_id, projekt_naziv FROM radni_nalog WHERE id = 4]
Saturday, 08-07-2006 : db_upit : Upit nije proslijeđen. [SELECT tvrtka FROM klijenti WHERE id = ]
Saturday, 08-07-2006 : db_upit : Upit nije proslijeđen. [SELECT tvrtka FROM klijenti WHERE id = ]You have an error in your SQL syntax.  Check the manual that corresponds to your MySQL server version for the right syntax to use near '' at line 1
Saturday, 08-07-2006 : db_upit : Upit nije proslijeđen. [SELECT klijent_id, projekt_naziv FROM radni_nalog WHERE id = 9999]
Saturday, 08-07-2006 : db_upit : Upit nije proslijeđen. [SELECT tvrtka FROM klijenti WHERE id = ]
Saturday, 08-07-2006 : db_upit : Upit nije proslijeđen. [SELECT klijent_id, projekt_naziv FROM radni_nalog WHERE id = 4]
Saturday, 08-07-2006 : db_upit : Upit nije proslijeđen. [SELECT tvrtka FROM klijenti WHERE id = ]
Saturday, 08-07-2006 : db_upit : Upit nije proslijeđen. [SELECT klijent_id, projekt_naziv FROM radni_nalog WHERE id = 7]
Saturday, 08-07-2006 : db_upit : Upit nije proslijeđen. [SELECT tvrtka FROM klijenti WHERE id = ]
Saturday, 08-07-2006 : db_upit : Upit nije proslijeđen. [SELECT klijent_id, projekt_naziv FROM radni_nalog WHERE id = 4]
Saturday, 08-07-2006 : db_upit : Upit nije proslijeđen. [SELECT tvrtka FROM klijenti WHERE id = ]
Saturday, 08-07-2006 : db_upit : Upit nije proslijeđen. [SELECT klijent_id, projekt_naziv FROM radni_nalog WHERE id = 4]
Saturday, 08-07-2006 : db_upit : Upit nije proslijeđen. [SELECT tvrtka FROM klijenti WHERE id = ]
Saturday, 08-07-2006 : db_upit : Upit nije proslijeđen. [SELECT klijent_id, projekt_naziv FROM radni_nalog WHERE id = 8]
Saturday, 08-07-2006 : db_upit : Upit nije proslijeđen. [SELECT tvrtka FROM klijenti WHERE id = ]
Saturday, 08-07-2006 : db_upit : Upit nije proslijeđen. [SELECT klijent_id, projekt_naziv FROM radni_nalog WHERE id = 8]
Saturday, 08-07-2006 : db_upit : Upit nije proslijeđen. [SELECT tvrtka FROM klijenti WHERE id = ]
Saturday, 08-07-2006 : db_upit : Upit nije proslijeđen. [SELECT klijent_id, projekt_naziv FROM radni_nalog WHERE id = 8]
Saturday, 08-07-2006 : db_upit : Upit nije proslijeđen. [SELECT tvrtka FROM klijenti WHERE id = ]
Saturday, 08-07-2006 : db_upit : Upit nije proslijeđen. [SELECT klijent_id, projekt_naziv FROM radni_nalog WHERE id = 8]
Saturday, 08-07-2006 : db_upit : Upit nije proslijeđen. [SELECT tvrtka FROM klijenti WHERE id = ]
Saturday, 08-07-2006 : db_upit : Upit nije proslijeđen. [SELECT klijent_id, projekt_naziv FROM radni_nalog WHERE id = 8]
Saturday, 08-07-2006 : db_upit : Upit nije proslijeđen. [SELECT tvrtka FROM klijenti WHERE id = ]
Saturday, 08-07-2006 : db_upit : Upit nije proslijeđen. [SELECT klijent_id, projekt_naziv FROM radni_nalog WHERE id = 8]
Saturday, 08-07-2006 : db_upit : Upit nije proslijeđen. [SELECT tvrtka FROM klijenti WHERE id = ]
Saturday, 08-07-2006 : db_upit : Upit nije proslijeđen. [SELECT klijent_id, projekt_naziv FROM radni_nalog WHERE id = 9]
Saturday, 08-07-2006 : db_upit : Upit nije proslijeđen. [SELECT tvrtka FROM klijenti WHERE id = ]
Saturday, 08-07-2006 : db_upit : Upit nije proslijeđen. [SELECT klijent_id, projekt_naziv FROM radni_nalog WHERE id = 9999]
Saturday, 08-07-2006 : db_upit : Upit nije proslijeđen. [SELECT tvrtka FROM klijenti WHERE id = ]
Saturday, 08-07-2006 : db_upit : Upit nije proslijeđen. [SELECT klijent_id, projekt_naziv FROM radni_nalog WHERE id = 13]
Saturday, 08-07-2006 : db_upit : Upit nije proslijeđen. [SELECT tvrtka FROM klijenti WHERE id = ]
Saturday, 08-07-2006 : db_upit : Upit nije proslijeđen. [SELECT opis FROM projektna_dokumentacija SET 
										WHERE id = 2 LIMIT 1]You have an error in your SQL syntax.  Check the manual that corresponds to your MySQL server version for the right syntax to use near 'SET 
										WHERE id = 2 LIMIT 1' at line 1
Sunday, 23-07-2006 : utf8_2_iso885_9_hr : prazan string.
Sunday, 23-07-2006 : utf8_2_iso885_9_hr : prazan string.
Sunday, 23-07-2006 : utf8_2_iso885_9_hr : prazan string.
Sunday, 23-07-2006 : utf8_2_iso885_9_hr : prazan string.
Sunday, 23-07-2006 : utf8_2_iso885_9_hr : prazan string.
Sunday, 23-07-2006 : utf8_2_iso885_9_hr : prazan string.
Sunday, 23-07-2006 : utf8_2_iso885_9_hr : prazan string.
Sunday, 23-07-2006 : utf8_2_iso885_9_hr : prazan string.
Sunday, 23-07-2006 : utf8_2_iso885_9_hr : prazan string.
Sunday, 23-07-2006 : utf8_2_iso885_9_hr : prazan string.
Sunday, 23-07-2006 : utf8_2_iso885_9_hr : prazan string.
Sunday, 23-07-2006 : utf8_2_iso885_9_hr : prazan string.
Sunday, 23-07-2006 : utf8_2_iso885_9_hr : prazan string.
Sunday, 23-07-2006 : utf8_2_iso885_9_hr : prazan string.
Sunday, 23-07-2006 : utf8_2_iso885_9_hr : prazan string.
Sunday, 23-07-2006 : utf8_2_iso885_9_hr : prazan string.
Sunday, 23-07-2006 : utf8_2_iso885_9_hr : prazan string.
Sunday, 23-07-2006 : utf8_2_iso885_9_hr : prazan string.
Sunday, 23-07-2006 : utf8_2_iso885_9_hr : prazan string.
Sunday, 23-07-2006 : utf8_2_iso885_9_hr : prazan string.
Sunday, 23-07-2006 : utf8_2_iso885_9_hr : prazan string.
Sunday, 23-07-2006 : utf8_2_iso885_9_hr : prazan string.
Sunday, 23-07-2006 : utf8_2_iso885_9_hr : prazan string.
Sunday, 23-07-2006 : utf8_2_iso885_9_hr : prazan string.
Sunday, 23-07-2006 : utf8_2_iso885_9_hr : prazan string.
Sunday, 23-07-2006 : utf8_2_iso885_9_hr : prazan string.
Tuesday, 25-07-2006 : communicatoraddnewmessage : Unable to save message.
Thursday, 27-07-2006 : communicatoraddnewmessage : Unable to save message.
Thursday, 27-07-2006 : communicatoraddnewmessage : Unable to save message.
Thursday, 27-07-2006 : communicatoraddnewmessage : Unable to save message.
Friday, 28-07-2006 : communicatoraddnewmessage : Unable to save message.
Friday, 28-07-2006 : communicatoraddnewmessage : Unable to save message.
Friday, 28-07-2006 : utf8_2_iso885_9_hr : prazan string.
Friday, 28-07-2006 : utf8_2_iso885_9_hr : prazan string.
Friday, 28-07-2006 : utf8_2_iso885_9_hr : prazan string.
Friday, 28-07-2006 : utf8_2_iso885_9_hr : prazan string.
Friday, 28-07-2006 : utf8_2_iso885_9_hr : prazan string.
Friday, 28-07-2006 : utf8_2_iso885_9_hr : prazan string.
Friday, 28-07-2006 : utf8_2_iso885_9_hr : prazan string.
Friday, 28-07-2006 : utf8_2_iso885_9_hr : prazan string.
Friday, 28-07-2006 : utf8_2_iso885_9_hr : prazan string.
Friday, 28-07-2006 : utf8_2_iso885_9_hr : prazan string.
Friday, 28-07-2006 : utf8_2_iso885_9_hr : prazan string.
Friday, 28-07-2006 : utf8_2_iso885_9_hr : prazan string.
Friday, 28-07-2006 : utf8_2_iso885_9_hr : prazan string.
Friday, 28-07-2006 : utf8_2_iso885_9_hr : prazan string.
Friday, 28-07-2006 : utf8_2_iso885_9_hr : prazan string.
Friday, 28-07-2006 : utf8_2_iso885_9_hr : prazan string.
Friday, 28-07-2006 : utf8_2_iso885_9_hr : prazan string.
Friday, 28-07-2006 : utf8_2_iso885_9_hr : prazan string.
Friday, 28-07-2006 : utf8_2_iso885_9_hr : prazan string.
Friday, 28-07-2006 : utf8_2_iso885_9_hr : prazan string.
Friday, 28-07-2006 : utf8_2_iso885_9_hr : prazan string.
Friday, 28-07-2006 : utf8_2_iso885_9_hr : prazan string.
Friday, 28-07-2006 : utf8_2_iso885_9_hr : prazan string.
Friday, 28-07-2006 : utf8_2_iso885_9_hr : prazan string.
Friday, 28-07-2006 : utf8_2_iso885_9_hr : prazan string.
Friday, 08-09-2006 : utf8_2_iso885_9_hr : prazan string.
Friday, 08-09-2006 : utf8_2_iso885_9_hr : prazan string.
Friday, 08-09-2006 : utf8_2_iso885_9_hr : prazan string.
Friday, 08-09-2006 : utf8_2_iso885_9_hr : prazan string.
Friday, 08-09-2006 : utf8_2_iso885_9_hr : prazan string.
Friday, 08-09-2006 : utf8_2_iso885_9_hr : prazan string.
Friday, 08-09-2006 : utf8_2_iso885_9_hr : prazan string.
Friday, 08-09-2006 : utf8_2_iso885_9_hr : prazan string.
Friday, 08-09-2006 : utf8_2_iso885_9_hr : prazan string.
Friday, 08-09-2006 : utf8_2_iso885_9_hr : prazan string.
Friday, 08-09-2006 : utf8_2_iso885_9_hr : prazan string.
Friday, 08-09-2006 : utf8_2_iso885_9_hr : prazan string.
Friday, 08-09-2006 : utf8_2_iso885_9_hr : prazan string.
Friday, 08-09-2006 : utf8_2_iso885_9_hr : prazan string.
Friday, 08-09-2006 : utf8_2_iso885_9_hr : prazan string.
Friday, 08-09-2006 : utf8_2_iso885_9_hr : prazan string.
Friday, 08-09-2006 : utf8_2_iso885_9_hr : prazan string.
Friday, 08-09-2006 : utf8_2_iso885_9_hr : prazan string.
Friday, 08-09-2006 : utf8_2_iso885_9_hr : prazan string.
Friday, 08-09-2006 : utf8_2_iso885_9_hr : prazan string.
Friday, 08-09-2006 : utf8_2_iso885_9_hr : prazan string.
Friday, 08-09-2006 : utf8_2_iso885_9_hr : prazan string.
Friday, 08-09-2006 : utf8_2_iso885_9_hr : prazan string.
Friday, 08-09-2006 : utf8_2_iso885_9_hr : prazan string.
Friday, 08-09-2006 : utf8_2_iso885_9_hr : prazan string.
Saturday, 09-09-2006 : utf8_2_iso885_9_hr : prazan string.
Saturday, 09-09-2006 : utf8_2_iso885_9_hr : prazan string.
Saturday, 09-09-2006 : utf8_2_iso885_9_hr : prazan string.
Saturday, 09-09-2006 : utf8_2_iso885_9_hr : prazan string.
Saturday, 09-09-2006 : utf8_2_iso885_9_hr : prazan string.
Saturday, 09-09-2006 : utf8_2_iso885_9_hr : prazan string.
Saturday, 09-09-2006 : utf8_2_iso885_9_hr : prazan string.
Saturday, 09-09-2006 : utf8_2_iso885_9_hr : prazan string.
Saturday, 09-09-2006 : utf8_2_iso885_9_hr : prazan string.
Saturday, 09-09-2006 : utf8_2_iso885_9_hr : prazan string.
Saturday, 09-09-2006 : utf8_2_iso885_9_hr : prazan string.
Saturday, 09-09-2006 : utf8_2_iso885_9_hr : prazan string.
Saturday, 09-09-2006 : utf8_2_iso885_9_hr : prazan string.
Saturday, 09-09-2006 : utf8_2_iso885_9_hr : prazan string.
Saturday, 09-09-2006 : utf8_2_iso885_9_hr : prazan string.
Saturday, 09-09-2006 : utf8_2_iso885_9_hr : prazan string.
Saturday, 09-09-2006 : utf8_2_iso885_9_hr : prazan string.
Saturday, 09-09-2006 : utf8_2_iso885_9_hr : prazan string.
Saturday, 09-09-2006 : utf8_2_iso885_9_hr : prazan string.
Saturday, 09-09-2006 : utf8_2_iso885_9_hr : prazan string.
Saturday, 09-09-2006 : utf8_2_iso885_9_hr : prazan string.
Saturday, 09-09-2006 : utf8_2_iso885_9_hr : prazan string.
Saturday, 09-09-2006 : utf8_2_iso885_9_hr : prazan string.
Saturday, 09-09-2006 : utf8_2_iso885_9_hr : prazan string.
Saturday, 09-09-2006 : utf8_2_iso885_9_hr : prazan string.
Sunday, 10-09-2006 : utf8_2_iso885_9_hr : prazan string.
Sunday, 10-09-2006 : utf8_2_iso885_9_hr : prazan string.
Sunday, 10-09-2006 : utf8_2_iso885_9_hr : prazan string.
Sunday, 10-09-2006 : utf8_2_iso885_9_hr : prazan string.
Sunday, 10-09-2006 : utf8_2_iso885_9_hr : prazan string.
Sunday, 10-09-2006 : utf8_2_iso885_9_hr : prazan string.
Sunday, 10-09-2006 : utf8_2_iso885_9_hr : prazan string.
Sunday, 10-09-2006 : utf8_2_iso885_9_hr : prazan string.
Sunday, 10-09-2006 : utf8_2_iso885_9_hr : prazan string.
Sunday, 10-09-2006 : utf8_2_iso885_9_hr : prazan string.
Sunday, 10-09-2006 : utf8_2_iso885_9_hr : prazan string.
Sunday, 10-09-2006 : utf8_2_iso885_9_hr : prazan string.
Sunday, 10-09-2006 : utf8_2_iso885_9_hr : prazan string.
Sunday, 10-09-2006 : utf8_2_iso885_9_hr : prazan string.
Sunday, 10-09-2006 : utf8_2_iso885_9_hr : prazan string.
Sunday, 10-09-2006 : utf8_2_iso885_9_hr : prazan string.
Sunday, 10-09-2006 : utf8_2_iso885_9_hr : prazan string.
Sunday, 10-09-2006 : utf8_2_iso885_9_hr : prazan string.
Sunday, 10-09-2006 : utf8_2_iso885_9_hr : prazan string.
Sunday, 10-09-2006 : utf8_2_iso885_9_hr : prazan string.
Sunday, 10-09-2006 : utf8_2_iso885_9_hr : prazan string.
Sunday, 10-09-2006 : utf8_2_iso885_9_hr : prazan string.
Sunday, 10-09-2006 : utf8_2_iso885_9_hr : prazan string.
Sunday, 10-09-2006 : utf8_2_iso885_9_hr : prazan string.
Sunday, 10-09-2006 : utf8_2_iso885_9_hr : prazan string.
Wednesday, 27-09-2006 : forcedownload : rn_16.pdf - File doesn't exits.
